==============================================
MMS Full Test Suite
Started: Sun Jan 11 19:16:29 CST 2026
==============================================

========== TEST: CH_STANDALONE ==========

--- CH_STANDALONE with np=1 ---
Start: Sun Jan 11 19:16:29 CST 2026

=== Parallel MMS Test ===
MPI ranks: 1
Level: CH_STANDALONE
Refinements: 3 4 5 6 7
Time steps: 10
Domain: [0,1] x [0,0.6]
ε = 0.01, γ = 0.0002
=========================


[CH_STANDALONE] Running parallel convergence study...
  MPI ranks: 1
  t ∈ [0.1, 0.2], dt = 0.01
  ε = 0.01, γ = 0.0002
  FE degree = Q2
  Solver = GMRES+AMG
  Using PRODUCTION: ch_setup + ch_assembler + ch_solver
  Refinement 3... [MMSContext] Mesh: 3840 cells (local: 3840)
[CH Setup] n_dofs = 31234, locally_owned = 31234, nnz = 987140
[MMSContext] CH DoFs: θ = 15617, ψ = 15617, coupled = 31234, local = 31234
[MMSContext] Applied CH MMS initial conditions at t = 0.1
[CH_ASSEMBLER] MMS ENABLED - adding source terms
θ_L2=1.02e-09, θ_H1=5.30e-07, time=5.1s
  Refinement 4... [MMSContext] Mesh: 15360 cells (local: 15360)
[CH Setup] n_dofs = 123906, locally_owned = 123906, nnz = 3940356
[MMSContext] CH DoFs: θ = 61953, ψ = 61953, coupled = 123906, local = 123906
[MMSContext] Applied CH MMS initial conditions at t = 0.1
θ_L2=1.28e-10, θ_H1=1.32e-07, time=47.8s
  Refinement 5... [MMSContext] Mesh: 61440 cells (local: 61440)
[CH Setup] n_dofs = 493570, locally_owned = 493570, nnz = 15745028
[MMSContext] CH DoFs: θ = 246785, ψ = 246785, coupled = 493570, local = 493570
[MMSContext] Applied CH MMS initial conditions at t = 0.1
θ_L2=1.60e-11, θ_H1=3.31e-08, time=487.3s
  Refinement 6... [MMSContext] Mesh: 245760 cells (local: 245760)
[CH Setup] n_dofs = 1970178, locally_owned = 1970178, nnz = 62947332
[MMSContext] CH DoFs: θ = 985089, ψ = 985089, coupled = 1970178, local = 1970178
[MMSContext] Applied CH MMS initial conditions at t = 0.1
θ_L2=2.00e-12, θ_H1=8.28e-09, time=3988.7s
  Refinement 7... [MMSContext] Mesh: 983040 cells (local: 983040)
[CH Setup] n_dofs = 7872514, locally_owned = 7872514, nnz = 251723780
[MMSContext] CH DoFs: θ = 3936257, ψ = 3936257, coupled = 7872514, local = 7872514
[MMSContext] Applied CH MMS initial conditions at t = 0.1
θ_L2=6.19e-04, θ_H1=1.11e-01, time=347.8s

========================================
MMS Convergence Results: CH_STANDALONE
MPI ranks: 1
Total wall time: 4876.6 s
========================================

--- CH Errors ---
Ref   h         wall(s)   θ_L2     rate   θ_H1     rate   
------------------------------------------------------------
3     1.77e-02  5.1       1.02e-09  0.00   5.30e-07  0.00   
4     8.84e-03  47.8      1.28e-10  3.00   1.32e-07  2.00   
5     4.42e-03  487.3     1.60e-11  3.00   3.31e-08  2.00   
6     2.21e-03  3988.7    2.00e-12  3.00   8.28e-09  2.00   
7     1.10e-03  347.8     6.19e-04  -28.21 1.11e-01  -23.67 
========================================
[FAIL] Some rates below expected!
[MMS] Results written to ../mms/Rates/260111-203747-ch_standalone.csv
WARNING! There are options you set that were not used!
WARNING! could be spelling mistake, etc!
There are 3 unused database options. They are:
Option left: name:--level value: CH_STANDALONE source: command line
Option left: name:--refs value: 3 source: command line
Option left: name:--steps value: 10 source: command line
End: Sun Jan 11 20:37:47 CST 2026


--- CH_STANDALONE with np=2 ---
Start: Sun Jan 11 20:37:47 CST 2026

=== Parallel MMS Test ===
MPI ranks: 2
Level: CH_STANDALONE
Refinements: 3 4 5 6 7
Time steps: 10
Domain: [0,1] x [0,0.6]
ε = 0.01, γ = 0.0002
=========================


[CH_STANDALONE] Running parallel convergence study...
  MPI ranks: 2
  t ∈ [0.1, 0.2], dt = 0.01
  ε = 0.01, γ = 0.0002
  FE degree = Q2
  Solver = GMRES+AMG
  Using PRODUCTION: ch_setup + ch_assembler + ch_solver
  Refinement 3... [MMSContext] Mesh: 3840 cells (local: 1920)
[CH Setup] n_dofs = 31234, locally_owned = 15810, nnz = 987140
[MMSContext] CH DoFs: θ = 15617, ψ = 15617, coupled = 31234, local = 15810
[MMSContext] Applied CH MMS initial conditions at t = 0.1
[CH_ASSEMBLER] MMS ENABLED - adding source terms
[CH_ASSEMBLER] MMS ENABLED - adding source terms
θ_L2=1.02e-09, θ_H1=5.30e-07, time=5.5s
  Refinement 4... [MMSContext] Mesh: 15360 cells (local: 7680)
[CH Setup] n_dofs = 123906, locally_owned = 62338, nnz = 3940356
[MMSContext] CH DoFs: θ = 61953, ψ = 61953, coupled = 123906, local = 62338
[MMSContext] Applied CH MMS initial conditions at t = 0.1
θ_L2=1.28e-10, θ_H1=1.32e-07, time=44.2s
  Refinement 5... [MMSContext] Mesh: 61440 cells (local: 30720)
[CH Setup] n_dofs = 493570, locally_owned = 247554, nnz = 15745028
[MMSContext] CH DoFs: θ = 246785, ψ = 246785, coupled = 493570, local = 247554
[MMSContext] Applied CH MMS initial conditions at t = 0.1
θ_L2=1.60e-11, θ_H1=3.31e-08, time=495.8s
  Refinement 6... [MMSContext] Mesh: 245760 cells (local: 122880)
[CH Setup] n_dofs = 1970178, locally_owned = 986626, nnz = 62947332
[MMSContext] CH DoFs: θ = 985089, ψ = 985089, coupled = 1970178, local = 986626
[MMSContext] Applied CH MMS initial conditions at t = 0.1
θ_L2=2.00e-12, θ_H1=8.28e-09, time=4009.5s
  Refinement 7... [MMSContext] Mesh: 983040 cells (local: 491520)
[CH Setup] n_dofs = 7872514, locally_owned = 3939330, nnz = 251723780
[MMSContext] CH DoFs: θ = 3936257, ψ = 3936257, coupled = 7872514, local = 3939330
[MMSContext] Applied CH MMS initial conditions at t = 0.1
θ_L2=6.19e-04, θ_H1=1.11e-01, time=588.2s

========================================
MMS Convergence Results: CH_STANDALONE
MPI ranks: 2
Total wall time: 5143.2 s
========================================

--- CH Errors ---
Ref   h         wall(s)   θ_L2     rate   θ_H1     rate   
------------------------------------------------------------
3     1.77e-02  5.5       1.02e-09  0.00   5.30e-07  0.00   
4     8.84e-03  44.2      1.28e-10  3.00   1.32e-07  2.00   
5     4.42e-03  495.8     1.60e-11  3.00   3.31e-08  2.00   
6     2.21e-03  4009.5    2.00e-12  3.00   8.28e-09  2.00   
7     1.10e-03  588.2     6.19e-04  -28.21 1.11e-01  -23.67 
========================================
[FAIL] Some rates below expected!
[MMS] Results written to ../mms/Rates/260111-220332-ch_standalone.csv
WARNING! There are options you set that were not used!
WARNING! could be spelling mistake, etc!
There are 3 unused database options. They are:
Option left: name:--level value: CH_STANDALONE source: command line
Option left: name:--refs value: 3 source: command line
Option left: name:--steps value: 10 source: command line
End: Sun Jan 11 22:03:32 CST 2026


--- CH_STANDALONE with np=4 ---
Start: Sun Jan 11 22:03:32 CST 2026

=== Parallel MMS Test ===
MPI ranks: 4
Level: CH_STANDALONE
Refinements: 3 4 5 6 7
Time steps: 10
Domain: [0,1] x [0,0.6]
ε = 0.01, γ = 0.0002
=========================


[CH_STANDALONE] Running parallel convergence study...
  MPI ranks: 4
  t ∈ [0.1, 0.2], dt = 0.01
  ε = 0.01, γ = 0.0002
  FE degree = Q2
  Solver = GMRES+AMG
  Using PRODUCTION: ch_setup + ch_assembler + ch_solver
  Refinement 3... [MMSContext] Mesh: 3840 cells (local: 960)
[CH Setup] n_dofs = 31234, locally_owned = 7938, nnz = 987140
[MMSContext] CH DoFs: θ = 15617, ψ = 15617, coupled = 31234, local = 7938
[MMSContext] Applied CH MMS initial conditions at t = 0.1
[CH_ASSEMBLER] MMS ENABLED - adding source terms
[CH_ASSEMBLER] MMS ENABLED - adding source terms
[CH_ASSEMBLER] MMS ENABLED - adding source terms
[CH_ASSEMBLER] MMS ENABLED - adding source terms
θ_L2=1.02e-09, θ_H1=5.30e-07, time=5.3s
  Refinement 4... [MMSContext] Mesh: 15360 cells (local: 3840)
[CH Setup] n_dofs = 123906, locally_owned = 31234, nnz = 3940356
[MMSContext] CH DoFs: θ = 61953, ψ = 61953, coupled = 123906, local = 31234
[MMSContext] Applied CH MMS initial conditions at t = 0.1
θ_L2=1.28e-10, θ_H1=1.32e-07, time=42.9s
  Refinement 5... [MMSContext] Mesh: 61440 cells (local: 15360)
[CH Setup] n_dofs = 493570, locally_owned = 123906, nnz = 15745028
[MMSContext] CH DoFs: θ = 246785, ψ = 246785, coupled = 493570, local = 123906
[MMSContext] Applied CH MMS initial conditions at t = 0.1
θ_L2=1.60e-11, θ_H1=3.31e-08, time=487.2s
  Refinement 6... [MMSContext] Mesh: 245760 cells (local: 61440)
[CH Setup] n_dofs = 1970178, locally_owned = 493570, nnz = 62947332
[MMSContext] CH DoFs: θ = 985089, ψ = 985089, coupled = 1970178, local = 493570
[MMSContext] Applied CH MMS initial conditions at t = 0.1
θ_L2=2.00e-12, θ_H1=8.28e-09, time=3986.9s
  Refinement 7... [MMSContext] Mesh: 983040 cells (local: 245760)
[CH Setup] n_dofs = 7872514, locally_owned = 1970178, nnz = 251723780
[MMSContext] CH DoFs: θ = 3936257, ψ = 3936257, coupled = 7872514, local = 1970178
[MMSContext] Applied CH MMS initial conditions at t = 0.1

===================================================================================
=   BAD TERMINATION OF ONE OF YOUR APPLICATION PROCESSES
=   PID 746204 RUNNING AT compute-14-19
=   EXIT CODE: 139
=   CLEANING UP REMAINING PROCESSES
=   YOU CAN IGNORE THE BELOW CLEANUP MESSAGES
===================================================================================
YOUR APPLICATION TERMINATED WITH THE EXIT STRING: Segmentation fault (signal 11)
This typically refers to a problem with your application.
Please see the FAQ page for debugging suggestions
End: Sun Jan 11 23:19:11 CST 2026


--- CH_STANDALONE with np=8 ---
Start: Sun Jan 11 23:19:11 CST 2026

=== Parallel MMS Test ===
MPI ranks: 8
Level: CH_STANDALONE
Refinements: 3 4 5 6 7
Time steps: 10
Domain: [0,1] x [0,0.6]
ε = 0.01, γ = 0.0002
=========================


[CH_STANDALONE] Running parallel convergence study...
  MPI ranks: 8
  t ∈ [0.1, 0.2], dt = 0.01
  ε = 0.01, γ = 0.0002
  FE degree = Q2
  Solver = GMRES+AMG
  Using PRODUCTION: ch_setup + ch_assembler + ch_solver
  Refinement 3... [MMSContext] Mesh: 3840 cells (local: 480)
[CH Setup] n_dofs = 31234, locally_owned = 4034, nnz = 987140
[MMSContext] CH DoFs: θ = 15617, ψ = 15617, coupled = 31234, local = 4034
[MMSContext] Applied CH MMS initial conditions at t = 0.1
[CH_ASSEMBLER] MMS ENABLED - adding source terms
[CH_ASSEMBLER] MMS ENABLED - adding source terms
[CH_ASSEMBLER] MMS ENABLED - adding source terms
[CH_ASSEMBLER] MMS ENABLED - adding source terms
[CH_ASSEMBLER] MMS ENABLED - adding source terms
[CH_ASSEMBLER] MMS ENABLED - adding source terms
[CH_ASSEMBLER] MMS ENABLED - adding source terms
[CH_ASSEMBLER] MMS ENABLED - adding source terms
θ_L2=1.02e-09, θ_H1=5.30e-07, time=5.2s
  Refinement 4... [MMSContext] Mesh: 15360 cells (local: 1920)
[CH Setup] n_dofs = 123906, locally_owned = 15746, nnz = 3940356
[MMSContext] CH DoFs: θ = 61953, ψ = 61953, coupled = 123906, local = 15746
[MMSContext] Applied CH MMS initial conditions at t = 0.1
θ_L2=1.28e-10, θ_H1=1.32e-07, time=42.7s
  Refinement 5... [MMSContext] Mesh: 61440 cells (local: 7680)
[CH Setup] n_dofs = 493570, locally_owned = 62210, nnz = 15745028
[MMSContext] CH DoFs: θ = 246785, ψ = 246785, coupled = 493570, local = 62210
[MMSContext] Applied CH MMS initial conditions at t = 0.1
θ_L2=1.60e-11, θ_H1=3.31e-08, time=486.8s
  Refinement 6... [MMSContext] Mesh: 245760 cells (local: 30720)
[CH Setup] n_dofs = 1970178, locally_owned = 247298, nnz = 62947332
[MMSContext] CH DoFs: θ = 985089, ψ = 985089, coupled = 1970178, local = 247298
[MMSContext] Applied CH MMS initial conditions at t = 0.1
θ_L2=2.00e-12, θ_H1=8.28e-09, time=3993.6s
  Refinement 7... [MMSContext] Mesh: 983040 cells (local: 122880)
[CH Setup] n_dofs = 7872514, locally_owned = 986114, nnz = 251723780
[MMSContext] CH DoFs: θ = 3936257, ψ = 3936257, coupled = 7872514, local = 986114
[MMSContext] Applied CH MMS initial conditions at t = 0.1

===================================================================================
=   BAD TERMINATION OF ONE OF YOUR APPLICATION PROCESSES
=   PID 751750 RUNNING AT compute-14-19
=   EXIT CODE: 9
=   CLEANING UP REMAINING PROCESSES
=   YOU CAN IGNORE THE BELOW CLEANUP MESSAGES
===================================================================================
YOUR APPLICATION TERMINATED WITH THE EXIT STRING: Killed (signal 9)
This typically refers to a problem with your application.
Please see the FAQ page for debugging suggestions
End: Mon Jan 12 00:34:50 CST 2026


--- CH_STANDALONE with np=16 ---
Start: Mon Jan 12 00:34:50 CST 2026

=== Parallel MMS Test ===
MPI ranks: 16
Level: CH_STANDALONE
Refinements: 3 4 5 6 7
Time steps: 10
Domain: [0,1] x [0,0.6]
ε = 0.01, γ = 0.0002
=========================


[CH_STANDALONE] Running parallel convergence study...
  MPI ranks: 16
  t ∈ [0.1, 0.2], dt = 0.01
  ε = 0.01, γ = 0.0002
  FE degree = Q2
  Solver = GMRES+AMG
  Using PRODUCTION: ch_setup + ch_assembler + ch_solver
  Refinement 3... [MMSContext] Mesh: 3840 cells (local: 240)
[CH Setup] n_dofs = 31234, locally_owned = 2050, nnz = 987140
[MMSContext] CH DoFs: θ = 15617, ψ = 15617, coupled = 31234, local = 2050
[MMSContext] Applied CH MMS initial conditions at t = 0.1
[CH_ASSEMBLER] MMS ENABLED - adding source terms
[CH_ASSEMBLER] MMS ENABLED - adding source terms
[CH_ASSEMBLER] MMS ENABLED - adding source terms
[CH_ASSEMBLER] MMS ENABLED - adding source terms
[CH_ASSEMBLER] MMS ENABLED - adding source terms
[CH_ASSEMBLER] MMS ENABLED - adding source terms
[CH_ASSEMBLER] MMS ENABLED - adding source terms
[CH_ASSEMBLER] MMS ENABLED - adding source terms
[CH_ASSEMBLER] MMS ENABLED - adding source terms
[CH_ASSEMBLER] MMS ENABLED - adding source terms
[CH_ASSEMBLER] MMS ENABLED - adding source terms
[CH_ASSEMBLER] MMS ENABLED - adding source terms
[CH_ASSEMBLER] MMS ENABLED - adding source terms
[CH_ASSEMBLER] MMS ENABLED - adding source terms
[CH_ASSEMBLER] MMS ENABLED - adding source terms
[CH_ASSEMBLER] MMS ENABLED - adding source terms
θ_L2=1.02e-09, θ_H1=5.30e-07, time=5.2s
  Refinement 4... [MMSContext] Mesh: 15360 cells (local: 960)
[CH Setup] n_dofs = 123906, locally_owned = 7938, nnz = 3940356
[MMSContext] CH DoFs: θ = 61953, ψ = 61953, coupled = 123906, local = 7938
[MMSContext] Applied CH MMS initial conditions at t = 0.1
θ_L2=1.28e-10, θ_H1=1.32e-07, time=41.8s
  Refinement 5... [MMSContext] Mesh: 61440 cells (local: 3840)
[CH Setup] n_dofs = 493570, locally_owned = 31234, nnz = 15745028
[MMSContext] CH DoFs: θ = 246785, ψ = 246785, coupled = 493570, local = 31234
[MMSContext] Applied CH MMS initial conditions at t = 0.1
θ_L2=1.60e-11, θ_H1=3.31e-08, time=483.5s
  Refinement 6... [MMSContext] Mesh: 245760 cells (local: 15360)
[CH Setup] n_dofs = 1970178, locally_owned = 123906, nnz = 62947332
[MMSContext] CH DoFs: θ = 985089, ψ = 985089, coupled = 1970178, local = 123906
[MMSContext] Applied CH MMS initial conditions at t = 0.1
θ_L2=2.00e-12, θ_H1=8.28e-09, time=3960.8s
  Refinement 7... [MMSContext] Mesh: 983040 cells (local: 61440)
[CH Setup] n_dofs = 7872514, locally_owned = 493570, nnz = 251723780
[MMSContext] CH DoFs: θ = 3936257, ψ = 3936257, coupled = 7872514, local = 493570
[MMSContext] Applied CH MMS initial conditions at t = 0.1

===================================================================================
=   BAD TERMINATION OF ONE OF YOUR APPLICATION PROCESSES
=   PID 758250 RUNNING AT compute-14-19
=   EXIT CODE: 139
=   CLEANING UP REMAINING PROCESSES
=   YOU CAN IGNORE THE BELOW CLEANUP MESSAGES
===================================================================================
YOUR APPLICATION TERMINATED WITH THE EXIT STRING: Segmentation fault (signal 11)
This typically refers to a problem with your application.
Please see the FAQ page for debugging suggestions
End: Mon Jan 12 01:49:48 CST 2026


--- CH_STANDALONE with np=24 ---
Start: Mon Jan 12 01:49:48 CST 2026

=== Parallel MMS Test ===
MPI ranks: 24
Level: CH_STANDALONE
Refinements: 3 4 5 6 7
Time steps: 10
Domain: [0,1] x [0,0.6]
ε = 0.01, γ = 0.0002
=========================


[CH_STANDALONE] Running parallel convergence study...
  MPI ranks: 24
  t ∈ [0.1, 0.2], dt = 0.01
  ε = 0.01, γ = 0.0002
  FE degree = Q2
  Solver = GMRES+AMG
  Using PRODUCTION: ch_setup + ch_assembler + ch_solver
  Refinement 3... [MMSContext] Mesh: 3840 cells (local: 160)
[CH Setup] n_dofs = 31234, locally_owned = 1394, nnz = 987140
[MMSContext] CH DoFs: θ = 15617, ψ = 15617, coupled = 31234, local = 1394
[MMSContext] Applied CH MMS initial conditions at t = 0.1
[CH_ASSEMBLER] MMS ENABLED - adding source terms
[CH_ASSEMBLER] MMS ENABLED - adding source terms
[CH_ASSEMBLER] MMS ENABLED - adding source terms
[CH_ASSEMBLER] MMS ENABLED - adding source terms
[CH_ASSEMBLER] MMS ENABLED - adding source terms
[CH_ASSEMBLER] MMS ENABLED - adding source terms
[CH_ASSEMBLER] MMS ENABLED - adding source terms
[CH_ASSEMBLER] MMS ENABLED - adding source terms
[CH_ASSEMBLER] MMS ENABLED - adding source terms
[CH_ASSEMBLER] MMS ENABLED - adding source terms
[CH_ASSEMBLER] MMS ENABLED - adding source terms
[CH_ASSEMBLER] MMS ENABLED - adding source terms
[CH_ASSEMBLER] MMS ENABLED - adding source terms
[CH_ASSEMBLER] MMS ENABLED - adding source terms
[CH_ASSEMBLER] MMS ENABLED - adding source terms
[CH_ASSEMBLER] MMS ENABLED - adding source terms
[CH_ASSEMBLER] MMS ENABLED - adding source terms
[CH_ASSEMBLER] MMS ENABLED - adding source terms
[CH_ASSEMBLER] MMS ENABLED - adding source terms
[CH_ASSEMBLER] MMS ENABLED - adding source terms
[CH_ASSEMBLER] MMS ENABLED - adding source terms
[CH_ASSEMBLER] MMS ENABLED - adding source terms
[CH_ASSEMBLER] MMS ENABLED - adding source terms
[CH_ASSEMBLER] MMS ENABLED - adding source terms
θ_L2=1.02e-09, θ_H1=5.30e-07, time=5.6s
  Refinement 4... [MMSContext] Mesh: 15360 cells (local: 640)
[CH Setup] n_dofs = 123906, locally_owned = 5346, nnz = 3940356
[MMSContext] CH DoFs: θ = 61953, ψ = 61953, coupled = 123906, local = 5346
[MMSContext] Applied CH MMS initial conditions at t = 0.1
θ_L2=1.28e-10, θ_H1=1.32e-07, time=41.5s
  Refinement 5... [MMSContext] Mesh: 61440 cells (local: 2560)
[CH Setup] n_dofs = 493570, locally_owned = 20930, nnz = 15745028
[MMSContext] CH DoFs: θ = 246785, ψ = 246785, coupled = 493570, local = 20930
[MMSContext] Applied CH MMS initial conditions at t = 0.1
θ_L2=1.60e-11, θ_H1=3.31e-08, time=482.5s
  Refinement 6... [MMSContext] Mesh: 245760 cells (local: 10240)
[CH Setup] n_dofs = 1970178, locally_owned = 82818, nnz = 62947332
[MMSContext] CH DoFs: θ = 985089, ψ = 985089, coupled = 1970178, local = 82818
[MMSContext] Applied CH MMS initial conditions at t = 0.1
θ_L2=2.00e-12, θ_H1=8.28e-09, time=3954.3s
  Refinement 7... [MMSContext] Mesh: 983040 cells (local: 40960)
[CH Setup] n_dofs = 7872514, locally_owned = 329474, nnz = 251723780
[MMSContext] CH DoFs: θ = 3936257, ψ = 3936257, coupled = 7872514, local = 329474
[MMSContext] Applied CH MMS initial conditions at t = 0.1

===================================================================================
=   BAD TERMINATION OF ONE OF YOUR APPLICATION PROCESSES
=   PID 765129 RUNNING AT compute-14-19
=   EXIT CODE: 139
=   CLEANING UP REMAINING PROCESSES
=   YOU CAN IGNORE THE BELOW CLEANUP MESSAGES
===================================================================================
YOUR APPLICATION TERMINATED WITH THE EXIT STRING: Segmentation fault (signal 11)
This typically refers to a problem with your application.
Please see the FAQ page for debugging suggestions
End: Mon Jan 12 03:04:38 CST 2026


--- CH_STANDALONE with np=32 ---
Start: Mon Jan 12 03:04:38 CST 2026

=== Parallel MMS Test ===
MPI ranks: 32
Level: CH_STANDALONE
Refinements: 3 4 5 6 7
Time steps: 10
Domain: [0,1] x [0,0.6]
ε = 0.01, γ = 0.0002
=========================


[CH_STANDALONE] Running parallel convergence study...
  MPI ranks: 32
  t ∈ [0.1, 0.2], dt = 0.01
  ε = 0.01, γ = 0.0002
  FE degree = Q2
  Solver = GMRES+AMG
  Using PRODUCTION: ch_setup + ch_assembler + ch_solver
  Refinement 3... [MMSContext] Mesh: 3840 cells (local: 120)
[CH Setup] n_dofs = 31234, locally_owned = 1058, nnz = 987140
[MMSContext] CH DoFs: θ = 15617, ψ = 15617, coupled = 31234, local = 1058
[MMSContext] Applied CH MMS initial conditions at t = 0.1
[CH_ASSEMBLER] MMS ENABLED - adding source terms
[CH_ASSEMBLER] MMS ENABLED - adding source terms
[CH_ASSEMBLER] MMS ENABLED - adding source terms
[CH_ASSEMBLER] MMS ENABLED - adding source terms
[CH_ASSEMBLER] MMS ENABLED - adding source terms
[CH_ASSEMBLER] MMS ENABLED - adding source terms
[CH_ASSEMBLER] MMS ENABLED - adding source terms
[CH_ASSEMBLER] MMS ENABLED - adding source terms
[CH_ASSEMBLER] MMS ENABLED - adding source terms
[CH_ASSEMBLER] MMS ENABLED - adding source terms
[CH_ASSEMBLER] MMS ENABLED - adding source terms
[CH_ASSEMBLER] MMS ENABLED - adding source terms
[CH_ASSEMBLER] MMS ENABLED - adding source terms
[CH_ASSEMBLER] MMS ENABLED - adding source terms
[CH_ASSEMBLER] MMS ENABLED - adding source terms
[CH_ASSEMBLER] MMS ENABLED - adding source terms
[CH_ASSEMBLER] MMS ENABLED - adding source terms
[CH_ASSEMBLER] MMS ENABLED - adding source terms
[CH_ASSEMBLER] MMS ENABLED - adding source terms
[CH_ASSEMBLER] MMS ENABLED - adding source terms
[CH_ASSEMBLER] MMS ENABLED - adding source terms
[CH_ASSEMBLER] MMS ENABLED - adding source terms
[CH_ASSEMBLER] MMS ENABLED - adding source terms
[CH_ASSEMBLER] MMS ENABLED - adding source terms
[CH_ASSEMBLER] MMS ENABLED - adding source terms
[CH_ASSEMBLER] MMS ENABLED - adding source terms
[CH_ASSEMBLER] MMS ENABLED - adding source terms
[CH_ASSEMBLER] MMS ENABLED - adding source terms
[CH_ASSEMBLER] MMS ENABLED - adding source terms
[CH_ASSEMBLER] MMS ENABLED - adding source terms
[CH_ASSEMBLER] MMS ENABLED - adding source terms
[CH_ASSEMBLER] MMS ENABLED - adding source terms
θ_L2=1.02e-09, θ_H1=5.30e-07, time=15.9s
  Refinement 4... [MMSContext] Mesh: 15360 cells (local: 480)
[CH Setup] n_dofs = 123906, locally_owned = 4034, nnz = 3940356
[MMSContext] CH DoFs: θ = 61953, ψ = 61953, coupled = 123906, local = 4034
[MMSContext] Applied CH MMS initial conditions at t = 0.1
θ_L2=1.28e-10, θ_H1=1.32e-07, time=42.9s
  Refinement 5... [MMSContext] Mesh: 61440 cells (local: 1920)
[CH Setup] n_dofs = 493570, locally_owned = 15746, nnz = 15745028
[MMSContext] CH DoFs: θ = 246785, ψ = 246785, coupled = 493570, local = 15746
[MMSContext] Applied CH MMS initial conditions at t = 0.1
θ_L2=1.60e-11, θ_H1=3.31e-08, time=504.3s
  Refinement 6... [MMSContext] Mesh: 245760 cells (local: 7680)
[CH Setup] n_dofs = 1970178, locally_owned = 62210, nnz = 62947332
[MMSContext] CH DoFs: θ = 985089, ψ = 985089, coupled = 1970178, local = 62210
[MMSContext] Applied CH MMS initial conditions at t = 0.1
θ_L2=2.00e-12, θ_H1=8.28e-09, time=4002.2s
  Refinement 7... [MMSContext] Mesh: 983040 cells (local: 30720)
[CH Setup] n_dofs = 7872514, locally_owned = 247298, nnz = 251723780
[MMSContext] CH DoFs: θ = 3936257, ψ = 3936257, coupled = 7872514, local = 247298
[MMSContext] Applied CH MMS initial conditions at t = 0.1

===================================================================================
=   BAD TERMINATION OF ONE OF YOUR APPLICATION PROCESSES
=   PID 771990 RUNNING AT compute-14-19
=   EXIT CODE: 139
=   CLEANING UP REMAINING PROCESSES
=   YOU CAN IGNORE THE BELOW CLEANUP MESSAGES
===================================================================================
YOUR APPLICATION TERMINATED WITH THE EXIT STRING: Segmentation fault (signal 11)
This typically refers to a problem with your application.
Please see the FAQ page for debugging suggestions
End: Mon Jan 12 04:20:53 CST 2026


========== TEST: POISSON_STANDALONE ==========

--- POISSON_STANDALONE with np=1 ---
Start: Mon Jan 12 04:20:53 CST 2026

=== Parallel MMS Test ===
MPI ranks: 1
Level: POISSON_STANDALONE
Refinements: 3 4 5 6 7
Time steps: 10
Domain: [0,1] x [0,0.6]
ε = 0.01, γ = 0.0002
=========================


[POISSON_MMS] Running parallel convergence study...
  MPI ranks: 1
  Solver: AMG
  FE degree: Q2
  Expected: L2 = 3, H1 = 2
  Using PRODUCTION: poisson_setup + poisson_assembler + poisson_solver

  Refinement 3... [Poisson Setup] n_dofs = 15617, locally_owned = 15617, nnz = 246769
[Poisson] AMG preconditioner initialized (cached)
L2=6.39e-07, H1=3.31e-04, iters=24, time=0.11s
  Refinement 4... [Poisson Setup] n_dofs = 61953, locally_owned = 61953, nnz = 985073
[Poisson] AMG preconditioner initialized (cached)
L2=7.99e-08, H1=8.28e-05, iters=24, time=0.38s
  Refinement 5... [Poisson Setup] n_dofs = 246785, locally_owned = 246785, nnz = 3936241
[Poisson] AMG preconditioner initialized (cached)
L2=9.98e-09, H1=2.07e-05, iters=27, time=1.64s
  Refinement 6... [Poisson Setup] n_dofs = 985089, locally_owned = 985089, nnz = 15736817
[Poisson] AMG preconditioner initialized (cached)
L2=1.25e-09, H1=5.18e-06, iters=30, time=6.96s
  Refinement 7... [Poisson Setup] n_dofs = 3936257, locally_owned = 3936257, nnz = 62930929
[Poisson] AMG preconditioner initialized (cached)
L2=2.08e-10, H1=1.29e-06, iters=30, time=28.08s

========================================
MMS Convergence Results: POISSON_STANDALONE
MPI ranks: 1
Total wall time: 37.2 s
========================================

--- Poisson Errors ---
Ref   h         wall(s)   φ_L2     rate   φ_H1     rate   
------------------------------------------------------------
3     1.77e-02  0.1       6.39e-07  0.00   3.31e-04  0.00   
4     8.84e-03  0.4       7.99e-08  3.00   8.28e-05  2.00   
5     4.42e-03  1.6       9.98e-09  3.00   2.07e-05  2.00   
6     2.21e-03  7.0       1.25e-09  3.00   5.18e-06  2.00   
7     1.10e-03  28.1      2.08e-10  2.58   1.29e-06  2.00   
========================================
[FAIL] Some rates below expected!
[MMS] Results written to ../mms/Rates/260112-042131-poisson_standalone.csv
WARNING! There are options you set that were not used!
WARNING! could be spelling mistake, etc!
There are 3 unused database options. They are:
Option left: name:--level value: POISSON_STANDALONE source: command line
Option left: name:--refs value: 3 source: command line
Option left: name:--steps value: 10 source: command line
End: Mon Jan 12 04:21:31 CST 2026


--- POISSON_STANDALONE with np=2 ---
Start: Mon Jan 12 04:21:31 CST 2026

=== Parallel MMS Test ===
MPI ranks: 2
Level: POISSON_STANDALONE
Refinements: 3 4 5 6 7
Time steps: 10
Domain: [0,1] x [0,0.6]
ε = 0.01, γ = 0.0002
=========================


[POISSON_MMS] Running parallel convergence study...
  MPI ranks: 2
  Solver: AMG
  FE degree: Q2
  Expected: L2 = 3, H1 = 2
  Using PRODUCTION: poisson_setup + poisson_assembler + poisson_solver

  Refinement 3... [Poisson Setup] n_dofs = 15617, locally_owned = 7905, nnz = 246769
[Poisson] AMG preconditioner initialized (cached)
L2=6.39e-07, H1=3.31e-04, iters=24, time=0.07s
  Refinement 4... [Poisson Setup] n_dofs = 61953, locally_owned = 31169, nnz = 985073
[Poisson] AMG preconditioner initialized (cached)
L2=7.99e-08, H1=8.28e-05, iters=24, time=0.20s
  Refinement 5... [Poisson Setup] n_dofs = 246785, locally_owned = 123777, nnz = 3936241
[Poisson] AMG preconditioner initialized (cached)
L2=9.98e-09, H1=2.07e-05, iters=27, time=0.87s
  Refinement 6... [Poisson Setup] n_dofs = 985089, locally_owned = 493313, nnz = 15736817
[Poisson] AMG preconditioner initialized (cached)
L2=1.25e-09, H1=5.18e-06, iters=30, time=3.68s
  Refinement 7... [Poisson Setup] n_dofs = 3936257, locally_owned = 1969665, nnz = 62930929
[Poisson] AMG preconditioner initialized (cached)
L2=1.99e-10, H1=1.29e-06, iters=30, time=14.81s

========================================
MMS Convergence Results: POISSON_STANDALONE
MPI ranks: 2
Total wall time: 19.6 s
========================================

--- Poisson Errors ---
Ref   h         wall(s)   φ_L2     rate   φ_H1     rate   
------------------------------------------------------------
3     1.77e-02  0.1       6.39e-07  0.00   3.31e-04  0.00   
4     8.84e-03  0.2       7.99e-08  3.00   8.28e-05  2.00   
5     4.42e-03  0.9       9.98e-09  3.00   2.07e-05  2.00   
6     2.21e-03  3.7       1.25e-09  3.00   5.18e-06  2.00   
7     1.10e-03  14.8      1.99e-10  2.65   1.29e-06  2.00   
========================================
[FAIL] Some rates below expected!
[MMS] Results written to ../mms/Rates/260112-042152-poisson_standalone.csv
WARNING! There are options you set that were not used!
WARNING! could be spelling mistake, etc!
There are 3 unused database options. They are:
Option left: name:--level value: POISSON_STANDALONE source: command line
Option left: name:--refs value: 3 source: command line
Option left: name:--steps value: 10 source: command line
End: Mon Jan 12 04:21:52 CST 2026


--- POISSON_STANDALONE with np=4 ---
Start: Mon Jan 12 04:21:52 CST 2026

=== Parallel MMS Test ===
MPI ranks: 4
Level: POISSON_STANDALONE
Refinements: 3 4 5 6 7
Time steps: 10
Domain: [0,1] x [0,0.6]
ε = 0.01, γ = 0.0002
=========================


[POISSON_MMS] Running parallel convergence study...
  MPI ranks: 4
  Solver: AMG
  FE degree: Q2
  Expected: L2 = 3, H1 = 2
  Using PRODUCTION: poisson_setup + poisson_assembler + poisson_solver

  Refinement 3... [Poisson Setup] n_dofs = 15617, locally_owned = 3969, nnz = 246769
[Poisson] AMG preconditioner initialized (cached)
L2=6.39e-07, H1=3.31e-04, iters=24, time=0.06s
  Refinement 4... [Poisson Setup] n_dofs = 61953, locally_owned = 15617, nnz = 985073
[Poisson] AMG preconditioner initialized (cached)
L2=7.99e-08, H1=8.28e-05, iters=24, time=0.12s
  Refinement 5... [Poisson Setup] n_dofs = 246785, locally_owned = 61953, nnz = 3936241
[Poisson] AMG preconditioner initialized (cached)
L2=9.98e-09, H1=2.07e-05, iters=27, time=0.42s
  Refinement 6... [Poisson Setup] n_dofs = 985089, locally_owned = 246785, nnz = 15736817
[Poisson] AMG preconditioner initialized (cached)
L2=1.25e-09, H1=5.18e-06, iters=30, time=1.87s
  Refinement 7... [Poisson Setup] n_dofs = 3936257, locally_owned = 985089, nnz = 62930929
[Poisson] AMG preconditioner initialized (cached)
L2=1.97e-10, H1=1.29e-06, iters=30, time=7.53s

========================================
MMS Convergence Results: POISSON_STANDALONE
MPI ranks: 4
Total wall time: 10.0 s
========================================

--- Poisson Errors ---
Ref   h         wall(s)   φ_L2     rate   φ_H1     rate   
------------------------------------------------------------
3     1.77e-02  0.1       6.39e-07  0.00   3.31e-04  0.00   
4     8.84e-03  0.1       7.99e-08  3.00   8.28e-05  2.00   
5     4.42e-03  0.4       9.98e-09  3.00   2.07e-05  2.00   
6     2.21e-03  1.9       1.25e-09  3.00   5.18e-06  2.00   
7     1.10e-03  7.5       1.97e-10  2.66   1.29e-06  2.00   
========================================
[FAIL] Some rates below expected!
[MMS] Results written to ../mms/Rates/260112-042202-poisson_standalone.csv
WARNING! There are options you set that were not used!
WARNING! could be spelling mistake, etc!
There are 3 unused database options. They are:
Option left: name:--level value: POISSON_STANDALONE source: command line
Option left: name:--refs value: 3 source: command line
Option left: name:--steps value: 10 source: command line
End: Mon Jan 12 04:22:03 CST 2026


--- POISSON_STANDALONE with np=8 ---
Start: Mon Jan 12 04:22:03 CST 2026

=== Parallel MMS Test ===
MPI ranks: 8
Level: POISSON_STANDALONE
Refinements: 3 4 5 6 7
Time steps: 10
Domain: [0,1] x [0,0.6]
ε = 0.01, γ = 0.0002
=========================


[POISSON_MMS] Running parallel convergence study...
  MPI ranks: 8
  Solver: AMG
  FE degree: Q2
  Expected: L2 = 3, H1 = 2
  Using PRODUCTION: poisson_setup + poisson_assembler + poisson_solver

  Refinement 3... [Poisson Setup] n_dofs = 15617, locally_owned = 2017, nnz = 246769
[Poisson] AMG preconditioner initialized (cached)
L2=6.39e-07, H1=3.31e-04, iters=23, time=0.05s
  Refinement 4... [Poisson Setup] n_dofs = 61953, locally_owned = 7873, nnz = 985073
[Poisson] AMG preconditioner initialized (cached)
L2=7.99e-08, H1=8.28e-05, iters=25, time=0.08s
  Refinement 5... [Poisson Setup] n_dofs = 246785, locally_owned = 31105, nnz = 3936241
[Poisson] AMG preconditioner initialized (cached)
L2=9.98e-09, H1=2.07e-05, iters=28, time=0.24s
  Refinement 6... [Poisson Setup] n_dofs = 985089, locally_owned = 123649, nnz = 15736817
[Poisson] AMG preconditioner initialized (cached)
L2=1.25e-09, H1=5.18e-06, iters=30, time=1.20s
  Refinement 7... [Poisson Setup] n_dofs = 3936257, locally_owned = 493057, nnz = 62930929
[Poisson] AMG preconditioner initialized (cached)
L2=1.96e-10, H1=1.29e-06, iters=30, time=4.78s

========================================
MMS Convergence Results: POISSON_STANDALONE
MPI ranks: 8
Total wall time: 6.4 s
========================================

--- Poisson Errors ---
Ref   h         wall(s)   φ_L2     rate   φ_H1     rate   
------------------------------------------------------------
3     1.77e-02  0.1       6.39e-07  0.00   3.31e-04  0.00   
4     8.84e-03  0.1       7.99e-08  3.00   8.28e-05  2.00   
5     4.42e-03  0.2       9.98e-09  3.00   2.07e-05  2.00   
6     2.21e-03  1.2       1.25e-09  3.00   5.18e-06  2.00   
7     1.10e-03  4.8       1.96e-10  2.67   1.29e-06  2.00   
========================================
[FAIL] Some rates below expected!
[MMS] Results written to ../mms/Rates/260112-042210-poisson_standalone.csv
WARNING! There are options you set that were not used!
WARNING! could be spelling mistake, etc!
There are 3 unused database options. They are:
Option left: name:--level value: POISSON_STANDALONE source: command line
Option left: name:--refs value: 3 source: command line
Option left: name:--steps value: 10 source: command line
End: Mon Jan 12 04:22:11 CST 2026


--- POISSON_STANDALONE with np=16 ---
Start: Mon Jan 12 04:22:11 CST 2026

=== Parallel MMS Test ===
MPI ranks: 16
Level: POISSON_STANDALONE
Refinements: 3 4 5 6 7
Time steps: 10
Domain: [0,1] x [0,0.6]
ε = 0.01, γ = 0.0002
=========================


[POISSON_MMS] Running parallel convergence study...
  MPI ranks: 16
  Solver: AMG
  FE degree: Q2
  Expected: L2 = 3, H1 = 2
  Using PRODUCTION: poisson_setup + poisson_assembler + poisson_solver

  Refinement 3... [Poisson Setup] n_dofs = 15617, locally_owned = 1025, nnz = 246769
[Poisson] AMG preconditioner initialized (cached)
L2=6.39e-07, H1=3.31e-04, iters=23, time=0.06s
  Refinement 4... [Poisson Setup] n_dofs = 61953, locally_owned = 3969, nnz = 985073
[Poisson] AMG preconditioner initialized (cached)
L2=7.99e-08, H1=8.28e-05, iters=25, time=0.07s
  Refinement 5... [Poisson Setup] n_dofs = 246785, locally_owned = 15617, nnz = 3936241
[Poisson] AMG preconditioner initialized (cached)
L2=9.98e-09, H1=2.07e-05, iters=27, time=0.14s
  Refinement 6... [Poisson Setup] n_dofs = 985089, locally_owned = 61953, nnz = 15736817
[Poisson] AMG preconditioner initialized (cached)
L2=1.25e-09, H1=5.18e-06, iters=30, time=0.75s
  Refinement 7... [Poisson Setup] n_dofs = 3936257, locally_owned = 246785, nnz = 62930929
[Poisson] AMG preconditioner initialized (cached)
L2=1.96e-10, H1=1.29e-06, iters=30, time=3.12s

========================================
MMS Convergence Results: POISSON_STANDALONE
MPI ranks: 16
Total wall time: 4.2 s
========================================

--- Poisson Errors ---
Ref   h         wall(s)   φ_L2     rate   φ_H1     rate   
------------------------------------------------------------
3     1.77e-02  0.1       6.39e-07  0.00   3.31e-04  0.00   
4     8.84e-03  0.1       7.99e-08  3.00   8.28e-05  2.00   
5     4.42e-03  0.1       9.98e-09  3.00   2.07e-05  2.00   
6     2.21e-03  0.8       1.25e-09  3.00   5.18e-06  2.00   
7     1.10e-03  3.1       1.96e-10  2.67   1.29e-06  2.00   
========================================
[FAIL] Some rates below expected!
[MMS] Results written to ../mms/Rates/260112-042216-poisson_standalone.csv
WARNING! There are options you set that were not used!
WARNING! could be spelling mistake, etc!
There are 3 unused database options. They are:
Option left: name:--level value: POISSON_STANDALONE source: command line
Option left: name:--refs value: 3 source: command line
Option left: name:--steps value: 10 source: command line
End: Mon Jan 12 04:22:16 CST 2026


--- POISSON_STANDALONE with np=24 ---
Start: Mon Jan 12 04:22:16 CST 2026

=== Parallel MMS Test ===
MPI ranks: 24
Level: POISSON_STANDALONE
Refinements: 3 4 5 6 7
Time steps: 10
Domain: [0,1] x [0,0.6]
ε = 0.01, γ = 0.0002
=========================


[POISSON_MMS] Running parallel convergence study...
  MPI ranks: 24
  Solver: AMG
  FE degree: Q2
  Expected: L2 = 3, H1 = 2
  Using PRODUCTION: poisson_setup + poisson_assembler + poisson_solver

  Refinement 3... [Poisson Setup] n_dofs = 15617, locally_owned = 697, nnz = 246769
[Poisson] AMG preconditioner initialized (cached)
L2=6.39e-07, H1=3.31e-04, iters=24, time=0.62s
  Refinement 4... [Poisson Setup] n_dofs = 61953, locally_owned = 2673, nnz = 985073
[Poisson] AMG preconditioner initialized (cached)
L2=7.99e-08, H1=8.28e-05, iters=25, time=0.05s
  Refinement 5... [Poisson Setup] n_dofs = 246785, locally_owned = 10465, nnz = 3936241
[Poisson] AMG preconditioner initialized (cached)
L2=9.98e-09, H1=2.07e-05, iters=28, time=0.29s
  Refinement 6... [Poisson Setup] n_dofs = 985089, locally_owned = 41409, nnz = 15736817
[Poisson] AMG preconditioner initialized (cached)
L2=1.25e-09, H1=5.18e-06, iters=29, time=0.67s
  Refinement 7... [Poisson Setup] n_dofs = 3936257, locally_owned = 164737, nnz = 62930929
[Poisson] AMG preconditioner initialized (cached)
L2=1.96e-10, H1=1.29e-06, iters=30, time=2.88s

========================================
MMS Convergence Results: POISSON_STANDALONE
MPI ranks: 24
Total wall time: 4.5 s
========================================

--- Poisson Errors ---
Ref   h         wall(s)   φ_L2     rate   φ_H1     rate   
------------------------------------------------------------
3     1.77e-02  0.6       6.39e-07  0.00   3.31e-04  0.00   
4     8.84e-03  0.1       7.99e-08  3.00   8.28e-05  2.00   
5     4.42e-03  0.3       9.98e-09  3.00   2.07e-05  2.00   
6     2.21e-03  0.7       1.25e-09  3.00   5.18e-06  2.00   
7     1.10e-03  2.9       1.96e-10  2.67   1.29e-06  2.00   
========================================
[FAIL] Some rates below expected!
[MMS] Results written to ../mms/Rates/260112-042222-poisson_standalone.csv
WARNING! There are options you set that were not used!
WARNING! could be spelling mistake, etc!
There are 3 unused database options. They are:
Option left: name:--level value: POISSON_STANDALONE source: command line
Option left: name:--refs value: 3 source: command line
Option left: name:--steps value: 10 source: command line
End: Mon Jan 12 04:22:23 CST 2026


--- POISSON_STANDALONE with np=32 ---
Start: Mon Jan 12 04:22:23 CST 2026

=== Parallel MMS Test ===
MPI ranks: 32
Level: POISSON_STANDALONE
Refinements: 3 4 5 6 7
Time steps: 10
Domain: [0,1] x [0,0.6]
ε = 0.01, γ = 0.0002
=========================


[POISSON_MMS] Running parallel convergence study...
  MPI ranks: 32
  Solver: AMG
  FE degree: Q2
  Expected: L2 = 3, H1 = 2
  Using PRODUCTION: poisson_setup + poisson_assembler + poisson_solver

  Refinement 3... [Poisson Setup] n_dofs = 15617, locally_owned = 529, nnz = 246769
[Poisson] AMG preconditioner initialized (cached)
L2=6.39e-07, H1=3.31e-04, iters=24, time=9.02s
  Refinement 4... [Poisson Setup] n_dofs = 61953, locally_owned = 2017, nnz = 985073
[Poisson] AMG preconditioner initialized (cached)
L2=7.99e-08, H1=8.28e-05, iters=26, time=9.02s
  Refinement 5... [Poisson Setup] n_dofs = 246785, locally_owned = 7873, nnz = 3936241
[Poisson] AMG preconditioner initialized (cached)
L2=9.98e-09, H1=2.07e-05, iters=27, time=5.88s
  Refinement 6... [Poisson Setup] n_dofs = 985089, locally_owned = 31105, nnz = 15736817
[Poisson] AMG preconditioner initialized (cached)
L2=1.25e-09, H1=5.18e-06, iters=30, time=7.34s
  Refinement 7... [Poisson Setup] n_dofs = 3936257, locally_owned = 123649, nnz = 62930929
[Poisson] AMG preconditioner initialized (cached)
L2=1.96e-10, H1=1.29e-06, iters=30, time=5.53s

========================================
MMS Convergence Results: POISSON_STANDALONE
MPI ranks: 32
Total wall time: 36.8 s
========================================

--- Poisson Errors ---
Ref   h         wall(s)   φ_L2     rate   φ_H1     rate   
------------------------------------------------------------
3     1.77e-02  9.0       6.39e-07  0.00   3.31e-04  0.00   
4     8.84e-03  9.0       7.99e-08  3.00   8.28e-05  2.00   
5     4.42e-03  5.9       9.98e-09  3.00   2.07e-05  2.00   
6     2.21e-03  7.3       1.25e-09  3.00   5.18e-06  2.00   
7     1.10e-03  5.5       1.96e-10  2.67   1.29e-06  2.00   
========================================
[FAIL] Some rates below expected!
[MMS] Results written to ../mms/Rates/260112-042301-poisson_standalone.csv
WARNING! There are options you set that were not used!
WARNING! could be spelling mistake, etc!
There are 3 unused database options. They are:
Option left: name:--level value: POISSON_STANDALONE source: command line
Option left: name:--refs value: 3 source: command line
Option left: name:--steps value: 10 source: command line
End: Mon Jan 12 04:23:02 CST 2026


========== TEST: NS_STANDALONE ==========

--- NS_STANDALONE with np=1 ---
Start: Mon Jan 12 04:23:02 CST 2026

=== Parallel MMS Test ===
MPI ranks: 1
Level: NS_STANDALONE
Refinements: 3 4 5 6 7
Time steps: 10
Domain: [0,1] x [0,0.6]
ε = 0.01, γ = 0.0002
=========================


================================================================
Phase D: Unsteady NS
================================================================
  Domain: [0,1] x [0,0.6]
  L_y = 0.6, nu = 1
  FE degrees: velocity Q2, pressure Q1
  include_time_derivative = true
  include_convection = true
  t in [0.1, 0.2], dt = 0.01, steps = 10

  Refinement 3... [NS Setup] ux: 15617, uy: 15617, p: 3969, total: 35203, locally_owned: 35203, nnz: 1408649
[Block Schur] Initialized: A = 31234x31234 (owned: 31234), S = 3969x3969, inner_tol = 1.00e-03, max_inner = 500, nu = 1.00e+00
[Block Schur] AMG velocity: elliptic=false (non-symmetric convection)
[Block Schur] Initialized: A = 31234x31234 (owned: 31234), S = 3969x3969, inner_tol = 1.00e-03, max_inner = 500, nu = 1.00e+00
[Block Schur] AMG velocity: elliptic=false (non-symmetric convection)
[Block Schur] Initialized: A = 31234x31234 (owned: 31234), S = 3969x3969, inner_tol = 1.00e-03, max_inner = 500, nu = 1.00e+00
[Block Schur] AMG velocity: elliptic=false (non-symmetric convection)
[Block Schur] Initialized: A = 31234x31234 (owned: 31234), S = 3969x3969, inner_tol = 1.00e-03, max_inner = 500, nu = 1.00e+00
[Block Schur] AMG velocity: elliptic=false (non-symmetric convection)
[Block Schur] Initialized: A = 31234x31234 (owned: 31234), S = 3969x3969, inner_tol = 1.00e-03, max_inner = 500, nu = 1.00e+00
[Block Schur] AMG velocity: elliptic=false (non-symmetric convection)
[Block Schur] Initialized: A = 31234x31234 (owned: 31234), S = 3969x3969, inner_tol = 1.00e-03, max_inner = 500, nu = 1.00e+00
[Block Schur] AMG velocity: elliptic=false (non-symmetric convection)
[Block Schur] Initialized: A = 31234x31234 (owned: 31234), S = 3969x3969, inner_tol = 1.00e-03, max_inner = 500, nu = 1.00e+00
[Block Schur] AMG velocity: elliptic=false (non-symmetric convection)
[Block Schur] Initialized: A = 31234x31234 (owned: 31234), S = 3969x3969, inner_tol = 1.00e-03, max_inner = 500, nu = 1.00e+00
[Block Schur] AMG velocity: elliptic=false (non-symmetric convection)
[Block Schur] Initialized: A = 31234x31234 (owned: 31234), S = 3969x3969, inner_tol = 1.00e-03, max_inner = 500, nu = 1.00e+00
[Block Schur] AMG velocity: elliptic=false (non-symmetric convection)
[Block Schur] Initialized: A = 31234x31234 (owned: 31234), S = 3969x3969, inner_tol = 1.00e-03, max_inner = 500, nu = 1.00e+00
[Block Schur] AMG velocity: elliptic=false (non-symmetric convection)
ux_L2=4.57e-06, p_L2=2.05e-04, div=8.65e-04, time=112.3s
  Refinement 4... [NS Setup] ux: 61953, uy: 61953, p: 15617, total: 139523, locally_owned: 139523, nnz: 5620489
[Block Schur] Initialized: A = 123906x123906 (owned: 123906), S = 15617x15617, inner_tol = 1.00e-03, max_inner = 500, nu = 1.00e+00
[Block Schur] AMG velocity: elliptic=false (non-symmetric convection)
[Block Schur] Initialized: A = 123906x123906 (owned: 123906), S = 15617x15617, inner_tol = 1.00e-03, max_inner = 500, nu = 1.00e+00
[Block Schur] AMG velocity: elliptic=false (non-symmetric convection)
[Block Schur] Initialized: A = 123906x123906 (owned: 123906), S = 15617x15617, inner_tol = 1.00e-03, max_inner = 500, nu = 1.00e+00
[Block Schur] AMG velocity: elliptic=false (non-symmetric convection)
[Block Schur] Initialized: A = 123906x123906 (owned: 123906), S = 15617x15617, inner_tol = 1.00e-03, max_inner = 500, nu = 1.00e+00
[Block Schur] AMG velocity: elliptic=false (non-symmetric convection)
[Block Schur] Initialized: A = 123906x123906 (owned: 123906), S = 15617x15617, inner_tol = 1.00e-03, max_inner = 500, nu = 1.00e+00
[Block Schur] AMG velocity: elliptic=false (non-symmetric convection)
[Block Schur] Initialized: A = 123906x123906 (owned: 123906), S = 15617x15617, inner_tol = 1.00e-03, max_inner = 500, nu = 1.00e+00
[Block Schur] AMG velocity: elliptic=false (non-symmetric convection)
[Block Schur] Initialized: A = 123906x123906 (owned: 123906), S = 15617x15617, inner_tol = 1.00e-03, max_inner = 500, nu = 1.00e+00
[Block Schur] AMG velocity: elliptic=false (non-symmetric convection)
[Block Schur] Initialized: A = 123906x123906 (owned: 123906), S = 15617x15617, inner_tol = 1.00e-03, max_inner = 500, nu = 1.00e+00
[Block Schur] AMG velocity: elliptic=false (non-symmetric convection)
[Block Schur] Initialized: A = 123906x123906 (owned: 123906), S = 15617x15617, inner_tol = 1.00e-03, max_inner = 500, nu = 1.00e+00
[Block Schur] AMG velocity: elliptic=false (non-symmetric convection)
[Block Schur] Initialized: A = 123906x123906 (owned: 123906), S = 15617x15617, inner_tol = 1.00e-03, max_inner = 500, nu = 1.00e+00
[Block Schur] AMG velocity: elliptic=false (non-symmetric convection)
ux_L2=6.06e-07, p_L2=3.65e-04, div=2.29e-04, time=558.1s
  Refinement 5... [NS Setup] ux: 246785, uy: 246785, p: 61953, total: 555523, locally_owned: 555523, nnz: 22453769
[Block Schur] Initialized: A = 493570x493570 (owned: 493570), S = 61953x61953, inner_tol = 1.00e-03, max_inner = 500, nu = 1.00e+00
[Block Schur] AMG velocity: elliptic=false (non-symmetric convection)
[Block Schur] Initialized: A = 493570x493570 (owned: 493570), S = 61953x61953, inner_tol = 1.00e-03, max_inner = 500, nu = 1.00e+00
[Block Schur] AMG velocity: elliptic=false (non-symmetric convection)
[Block Schur] Initialized: A = 493570x493570 (owned: 493570), S = 61953x61953, inner_tol = 1.00e-03, max_inner = 500, nu = 1.00e+00
[Block Schur] AMG velocity: elliptic=false (non-symmetric convection)
[Block Schur] Initialized: A = 493570x493570 (owned: 493570), S = 61953x61953, inner_tol = 1.00e-03, max_inner = 500, nu = 1.00e+00
[Block Schur] AMG velocity: elliptic=false (non-symmetric convection)
[Block Schur] Initialized: A = 493570x493570 (owned: 493570), S = 61953x61953, inner_tol = 1.00e-03, max_inner = 500, nu = 1.00e+00
[Block Schur] AMG velocity: elliptic=false (non-symmetric convection)
[Block Schur] Initialized: A = 493570x493570 (owned: 493570), S = 61953x61953, inner_tol = 1.00e-03, max_inner = 500, nu = 1.00e+00
[Block Schur] AMG velocity: elliptic=false (non-symmetric convection)
[Block Schur] Initialized: A = 493570x493570 (owned: 493570), S = 61953x61953, inner_tol = 1.00e-03, max_inner = 500, nu = 1.00e+00
[Block Schur] AMG velocity: elliptic=false (non-symmetric convection)
[Block Schur] Initialized: A = 493570x493570 (owned: 493570), S = 61953x61953, inner_tol = 1.00e-03, max_inner = 500, nu = 1.00e+00
[Block Schur] AMG velocity: elliptic=false (non-symmetric convection)
[Block Schur] Initialized: A = 493570x493570 (owned: 493570), S = 61953x61953, inner_tol = 1.00e-03, max_inner = 500, nu = 1.00e+00
[Block Schur] AMG velocity: elliptic=false (non-symmetric convection)
[Block Schur] Initialized: A = 493570x493570 (owned: 493570), S = 61953x61953, inner_tol = 1.00e-03, max_inner = 500, nu = 1.00e+00
[Block Schur] AMG velocity: elliptic=false (non-symmetric convection)
ux_L2=8.90e-08, p_L2=1.82e-04, div=6.64e-05, time=6178.5s
  Refinement 6... [NS Setup] ux: 985089, uy: 985089, p: 246785, total: 2216963, locally_owned: 2216963, nnz: 89758729
[Block Schur] Initialized: A = 1970178x1970178 (owned: 1970178), S = 246785x246785, inner_tol = 1.00e-03, max_inner = 500, nu = 1.00e+00
[Block Schur] AMG velocity: elliptic=false (non-symmetric convection)
[Block Schur] A-block GMRES: 500 iters, res = 0.022
[Block Schur] A-block GMRES: 500 iters, res = 0.12
[Block Schur] A-block GMRES: 500 iters, res = 0.03
[Block Schur] A-block GMRES: 500 iters, res = 0.01
[Block Schur] A-block GMRES: 500 iters, res = 0.012
[Block Schur] A-block GMRES: 500 iters, res = 0.014
[Block Schur] A-block GMRES: 500 iters, res = 0.073
[Block Schur] A-block GMRES: 500 iters, res = 0.059
[Block Schur] A-block GMRES: 500 iters, res = 0.12
[Block Schur] Initialized: A = 1970178x1970178 (owned: 1970178), S = 246785x246785, inner_tol = 1.00e-03, max_inner = 500, nu = 1.00e+00
[Block Schur] AMG velocity: elliptic=false (non-symmetric convection)
[Block Schur] A-block GMRES: 500 iters, res = 0.022
[Block Schur] A-block GMRES: 500 iters, res = 0.11
[Block Schur] A-block GMRES: 500 iters, res = 0.03
[Block Schur] A-block GMRES: 500 iters, res = 0.0099
[Block Schur] A-block GMRES: 500 iters, res = 0.014
[Block Schur] A-block GMRES: 500 iters, res = 0.012
[Block Schur] A-block GMRES: 500 iters, res = 0.0088
[Block Schur] A-block GMRES: 500 iters, res = 0.013
[Block Schur] A-block GMRES: 500 iters, res = 0.014
[Block Schur] A-block GMRES: 500 iters, res = 0.072
[Block Schur] A-block GMRES: 500 iters, res = 0.062
[Block Schur] A-block GMRES: 500 iters, res = 0.12
[Block Schur] Initialized: A = 1970178x1970178 (owned: 1970178), S = 246785x246785, inner_tol = 1.00e-03, max_inner = 500, nu = 1.00e+00
[Block Schur] AMG velocity: elliptic=false (non-symmetric convection)
[Block Schur] A-block GMRES: 500 iters, res = 0.022
[Block Schur] A-block GMRES: 500 iters, res = 0.12
[Block Schur] A-block GMRES: 500 iters, res = 0.03
[Block Schur] A-block GMRES: 500 iters, res = 0.0098
[Block Schur] A-block GMRES: 500 iters, res = 0.014
[Block Schur] A-block GMRES: 500 iters, res = 0.012
[Block Schur] A-block GMRES: 500 iters, res = 0.016
[Block Schur] A-block GMRES: 500 iters, res = 0.014
[Block Schur] A-block GMRES: 500 iters, res = 0.077
[Block Schur] A-block GMRES: 500 iters, res = 0.061
[Block Schur] A-block GMRES: 500 iters, res = 0.12
[Block Schur] Initialized: A = 1970178x1970178 (owned: 1970178), S = 246785x246785, inner_tol = 1.00e-03, max_inner = 500, nu = 1.00e+00
[Block Schur] AMG velocity: elliptic=false (non-symmetric convection)
[Block Schur] A-block GMRES: 500 iters, res = 0.022
[Block Schur] A-block GMRES: 500 iters, res = 0.11
[Block Schur] A-block GMRES: 500 iters, res = 0.031
[Block Schur] A-block GMRES: 500 iters, res = 0.0099
[Block Schur] A-block GMRES: 500 iters, res = 0.013
[Block Schur] A-block GMRES: 500 iters, res = 0.012
[Block Schur] A-block GMRES: 500 iters, res = 0.018
[Block Schur] A-block GMRES: 500 iters, res = 0.013
[Block Schur] A-block GMRES: 500 iters, res = 0.078
[Block Schur] A-block GMRES: 500 iters, res = 0.058
[Block Schur] A-block GMRES: 500 iters, res = 0.12
[Block Schur] Initialized: A = 1970178x1970178 (owned: 1970178), S = 246785x246785, inner_tol = 1.00e-03, max_inner = 500, nu = 1.00e+00
[Block Schur] AMG velocity: elliptic=false (non-symmetric convection)
[Block Schur] A-block GMRES: 500 iters, res = 0.022
[Block Schur] A-block GMRES: 500 iters, res = 0.11
[Block Schur] A-block GMRES: 500 iters, res = 0.029
[Block Schur] A-block GMRES: 500 iters, res = 0.01
[Block Schur] A-block GMRES: 500 iters, res = 0.015
[Block Schur] A-block GMRES: 500 iters, res = 0.013
[Block Schur] A-block GMRES: 500 iters, res = 0.016
[Block Schur] A-block GMRES: 500 iters, res = 0.014
[Block Schur] A-block GMRES: 500 iters, res = 0.073
[Block Schur] A-block GMRES: 500 iters, res = 0.058
[Block Schur] A-block GMRES: 500 iters, res = 0.12
[Block Schur] Initialized: A = 1970178x1970178 (owned: 1970178), S = 246785x246785, inner_tol = 1.00e-03, max_inner = 500, nu = 1.00e+00
[Block Schur] AMG velocity: elliptic=false (non-symmetric convection)
[Block Schur] A-block GMRES: 500 iters, res = 0.022
[Block Schur] A-block GMRES: 500 iters, res = 0.12
[Block Schur] A-block GMRES: 500 iters, res = 0.031
[Block Schur] A-block GMRES: 500 iters, res = 0.0099
[Block Schur] A-block GMRES: 500 iters, res = 0.013
[Block Schur] A-block GMRES: 500 iters, res = 0.013
[Block Schur] A-block GMRES: 500 iters, res = 0.017
[Block Schur] A-block GMRES: 500 iters, res = 0.013
[Block Schur] A-block GMRES: 500 iters, res = 0.077
[Block Schur] A-block GMRES: 500 iters, res = 0.059
[Block Schur] A-block GMRES: 500 iters, res = 0.12
[Block Schur] Initialized: A = 1970178x1970178 (owned: 1970178), S = 246785x246785, inner_tol = 1.00e-03, max_inner = 500, nu = 1.00e+00
[Block Schur] AMG velocity: elliptic=false (non-symmetric convection)
[Block Schur] A-block GMRES: 500 iters, res = 0.022
[Block Schur] A-block GMRES: 500 iters, res = 0.11
[Block Schur] A-block GMRES: 500 iters, res = 0.031
[Block Schur] A-block GMRES: 500 iters, res = 0.01
[Block Schur] A-block GMRES: 500 iters, res = 0.016
[Block Schur] A-block GMRES: 500 iters, res = 0.012
[Block Schur] A-block GMRES: 500 iters, res = 0.0087
[Block Schur] A-block GMRES: 500 iters, res = 0.013
[Block Schur] A-block GMRES: 500 iters, res = 0.067
[Block Schur] A-block GMRES: 500 iters, res = 0.064
[Block Schur] A-block GMRES: 500 iters, res = 0.12
[Block Schur] Initialized: A = 1970178x1970178 (owned: 1970178), S = 246785x246785, inner_tol = 1.00e-03, max_inner = 500, nu = 1.00e+00
[Block Schur] AMG velocity: elliptic=false (non-symmetric convection)
[Block Schur] A-block GMRES: 500 iters, res = 0.022
[Block Schur] A-block GMRES: 500 iters, res = 0.11
[Block Schur] A-block GMRES: 500 iters, res = 0.03
[Block Schur] A-block GMRES: 500 iters, res = 0.0098
[Block Schur] A-block GMRES: 500 iters, res = 0.015
[Block Schur] A-block GMRES: 500 iters, res = 0.012
[Block Schur] A-block GMRES: 500 iters, res = 0.015
[Block Schur] A-block GMRES: 500 iters, res = 0.013
[Block Schur] A-block GMRES: 500 iters, res = 0.069
[Block Schur] A-block GMRES: 500 iters, res = 0.064
[Block Schur] A-block GMRES: 500 iters, res = 0.12
[Block Schur] Initialized: A = 1970178x1970178 (owned: 1970178), S = 246785x246785, inner_tol = 1.00e-03, max_inner = 500, nu = 1.00e+00
[Block Schur] AMG velocity: elliptic=false (non-symmetric convection)
[Block Schur] A-block GMRES: 500 iters, res = 0.022
[Block Schur] A-block GMRES: 500 iters, res = 0.11
[Block Schur] A-block GMRES: 500 iters, res = 0.031
[Block Schur] A-block GMRES: 500 iters, res = 0.01
[Block Schur] A-block GMRES: 500 iters, res = 0.015
[Block Schur] A-block GMRES: 500 iters, res = 0.013
[Block Schur] A-block GMRES: 500 iters, res = 0.0087
[Block Schur] A-block GMRES: 500 iters, res = 0.014
[Block Schur] A-block GMRES: 500 iters, res = 0.014
[Block Schur] A-block GMRES: 500 iters, res = 0.067
[Block Schur] A-block GMRES: 500 iters, res = 0.065
[Block Schur] A-block GMRES: 500 iters, res = 0.12
[Block Schur] Initialized: A = 1970178x1970178 (owned: 1970178), S = 246785x246785, inner_tol = 1.00e-03, max_inner = 500, nu = 1.00e+00
[Block Schur] AMG velocity: elliptic=false (non-symmetric convection)
[Block Schur] A-block GMRES: 500 iters, res = 0.022
[Block Schur] A-block GMRES: 500 iters, res = 0.11
[Block Schur] A-block GMRES: 500 iters, res = 0.031
[Block Schur] A-block GMRES: 500 iters, res = 0.011
[Block Schur] A-block GMRES: 500 iters, res = 0.01
[Block Schur] A-block GMRES: 500 iters, res = 0.016
[Block Schur] A-block GMRES: 500 iters, res = 0.012
[Block Schur] A-block GMRES: 500 iters, res = 0.013
[Block Schur] A-block GMRES: 500 iters, res = 0.065
[Block Schur] A-block GMRES: 500 iters, res = 0.067
[Block Schur] A-block GMRES: 500 iters, res = 0.12
ux_L2=1.73e-08, p_L2=9.11e-05, div=2.35e-05, time=57666.6s
  Refinement 7... [NS Setup] ux: 3936257, uy: 3936257, p: 985089, total: 8857603, locally_owned: 8857603, nnz: 358922249
[Block Schur] Initialized: A = 7872514x7872514 (owned: 7872514), S = 985089x985089, inner_tol = 1.00e-03, max_inner = 500, nu = 1.00e+00
[Block Schur] AMG velocity: elliptic=false (non-symmetric convection)
[Block Schur] A-block GMRES: 500 iters, res = 0.29
[Block Schur] A-block GMRES: 500 iters, res = 0.37
[Block Schur] A-block GMRES: 500 iters, res = 0.36
[Block Schur] A-block GMRES: 500 iters, res = 0.25
[Block Schur] A-block GMRES: 500 iters, res = 0.47
[Block Schur] A-block GMRES: 500 iters, res = 0.55
[Block Schur] A-block GMRES: 500 iters, res = 0.34
[Block Schur] A-block GMRES: 500 iters, res = 0.37
[Block Schur] A-block GMRES: 500 iters, res = 0.22
[Block Schur] A-block GMRES: 500 iters, res = 0.26
[Block Schur] A-block GMRES: 500 iters, res = 0.14
[Block Schur] A-block GMRES: 500 iters, res = 0.13
[Block Schur] A-block GMRES: 500 iters, res = 0.17
[Block Schur] A-block GMRES: 500 iters, res = 0.1
[Block Schur] A-block GMRES: 500 iters, res = 0.25
[Block Schur] A-block GMRES: 500 iters, res = 0.21
[Block Schur] A-block GMRES: 500 iters, res = 0.071
[Block Schur] A-block GMRES: 500 iters, res = 0.19
[Block Schur] A-block GMRES: 500 iters, res = 0.19
[Block Schur] A-block GMRES: 500 iters, res = 0.11
[Block Schur] A-block GMRES: 500 iters, res = 0.15
[Block Schur] A-block GMRES: 500 iters, res = 0.15
[Block Schur] A-block GMRES: 500 iters, res = 0.1
[Block Schur] A-block GMRES: 500 iters, res = 0.32
[Block Schur] A-block GMRES: 500 iters, res = 0.15
[Block Schur] A-block GMRES: 500 iters, res = 0.22
[Block Schur] A-block GMRES: 500 iters, res = 0.27
[Block Schur] A-block GMRES: 500 iters, res = 0.28
[Block Schur] A-block GMRES: 500 iters, res = 0.13
[Block Schur] A-block GMRES: 500 iters, res = 0.34
[Block Schur] A-block GMRES: 500 iters, res = 0.44
[Block Schur] A-block GMRES: 500 iters, res = 0.19
[Block Schur] A-block GMRES: 500 iters, res = 0.26
[Block Schur] A-block GMRES: 500 iters, res = 0.18
[Block Schur] A-block GMRES: 500 iters, res = 0.09
[Block Schur] A-block GMRES: 500 iters, res = 0.17
[Block Schur] A-block GMRES: 500 iters, res = 0.23
[Block Schur] A-block GMRES: 500 iters, res = 0.17
[Block Schur] A-block GMRES: 500 iters, res = 0.25
[Block Schur] A-block GMRES: 500 iters, res = 0.28
[Block Schur] A-block GMRES: 500 iters, res = 0.36
[Block Schur] A-block GMRES: 500 iters, res = 0.077
[Block Schur] A-block GMRES: 500 iters, res = 0.23
[Block Schur] A-block GMRES: 500 iters, res = 0.21
[Block Schur] A-block GMRES: 500 iters, res = 0.12
[Block Schur] A-block GMRES: 500 iters, res = 0.14
[Block Schur] A-block GMRES: 500 iters, res = 0.099
[Block Schur] A-block GMRES: 500 iters, res = 0.13
[Block Schur] A-block GMRES: 500 iters, res = 0.15
[Block Schur] A-block GMRES: 500 iters, res = 0.11
[Block Schur] A-block GMRES: 500 iters, res = 0.17
[Block Schur] A-block GMRES: 500 iters, res = 0.13
[Block Schur] Initialized: A = 7872514x7872514 (owned: 7872514), S = 985089x985089, inner_tol = 1.00e-03, max_inner = 500, nu = 1.00e+00
[Block Schur] AMG velocity: elliptic=false (non-symmetric convection)
[Block Schur] A-block GMRES: 500 iters, res = 0.29
[Block Schur] A-block GMRES: 500 iters, res = 0.37
[Block Schur] A-block GMRES: 500 iters, res = 0.36
[Block Schur] A-block GMRES: 500 iters, res = 0.25
[Block Schur] A-block GMRES: 500 iters, res = 0.47
[Block Schur] A-block GMRES: 500 iters, res = 0.55
[Block Schur] A-block GMRES: 500 iters, res = 0.34
[Block Schur] A-block GMRES: 500 iters, res = 0.38
[Block Schur] A-block GMRES: 500 iters, res = 0.22
[Block Schur] A-block GMRES: 500 iters, res = 0.26
[Block Schur] A-block GMRES: 500 iters, res = 0.14
[Block Schur] A-block GMRES: 500 iters, res = 0.13
[Block Schur] A-block GMRES: 500 iters, res = 0.17
[Block Schur] A-block GMRES: 500 iters, res = 0.1
[Block Schur] A-block GMRES: 500 iters, res = 0.25
[Block Schur] A-block GMRES: 500 iters, res = 0.21
[Block Schur] A-block GMRES: 500 iters, res = 0.071
[Block Schur] A-block GMRES: 500 iters, res = 0.2
[Block Schur] A-block GMRES: 500 iters, res = 0.19
[Block Schur] A-block GMRES: 500 iters, res = 0.11
[Block Schur] A-block GMRES: 500 iters, res = 0.15
[Block Schur] A-block GMRES: 500 iters, res = 0.15
[Block Schur] A-block GMRES: 500 iters, res = 0.11
[Block Schur] A-block GMRES: 500 iters, res = 0.31
[Block Schur] A-block GMRES: 500 iters, res = 0.14
[Block Schur] A-block GMRES: 500 iters, res = 0.23
[Block Schur] A-block GMRES: 500 iters, res = 0.27
[Block Schur] A-block GMRES: 500 iters, res = 0.29
[Block Schur] A-block GMRES: 500 iters, res = 0.12
[Block Schur] A-block GMRES: 500 iters, res = 0.34
[Block Schur] A-block GMRES: 500 iters, res = 0.46
[Block Schur] A-block GMRES: 500 iters, res = 0.19
[Block Schur] A-block GMRES: 500 iters, res = 0.26
[Block Schur] A-block GMRES: 500 iters, res = 0.18
[Block Schur] A-block GMRES: 500 iters, res = 0.095
[Block Schur] A-block GMRES: 500 iters, res = 0.18
[Block Schur] A-block GMRES: 500 iters, res = 0.22
[Block Schur] A-block GMRES: 500 iters, res = 0.15
[Block Schur] A-block GMRES: 500 iters, res = 0.25
[Block Schur] A-block GMRES: 500 iters, res = 0.29
[Block Schur] A-block GMRES: 500 iters, res = 0.37
[Block Schur] A-block GMRES: 500 iters, res = 0.082
[Block Schur] A-block GMRES: 500 iters, res = 0.23
[Block Schur] A-block GMRES: 500 iters, res = 0.2
[Block Schur] A-block GMRES: 500 iters, res = 0.13
[Block Schur] A-block GMRES: 500 iters, res = 0.16
[Block Schur] A-block GMRES: 500 iters, res = 0.1
[Block Schur] A-block GMRES: 500 iters, res = 0.16
[Block Schur] A-block GMRES: 500 iters, res = 0.12
[Block Schur] A-block GMRES: 500 iters, res = 0.13
[Block Schur] A-block GMRES: 500 iters, res = 0.21
[Block Schur] A-block GMRES: 500 iters, res = 0.1
[Block Schur] A-block GMRES: 500 iters, res = 0.15
[Block Schur] A-block GMRES: 500 iters, res = 0.16
[Block Schur] Initialized: A = 7872514x7872514 (owned: 7872514), S = 985089x985089, inner_tol = 1.00e-03, max_inner = 500, nu = 1.00e+00
[Block Schur] AMG velocity: elliptic=false (non-symmetric convection)
[Block Schur] A-block GMRES: 500 iters, res = 0.29
[Block Schur] A-block GMRES: 500 iters, res = 0.37
